INFO:Matrix:Создан объект "матрица"
INFO:Matrix:Создан объект "матрица"
INFO:Matrix:Создан объект "матрица"
INFO:Matrix:Создан объект "матрица"
DEBUG:Matrix:Запуск сравнения двух матриц
DEBUG:Matrix:Сравниваемые матрицы равны
DEBUG:Matrix:Запуск сравнения двух матриц
DEBUG:Matrix:Сравниваемые матрицы не равны
DEBUG:Matrix:Запуск сложения двух матриц
DEBUG:Matrix:Операция сложения выполнена
INFO:Matrix:Создан объект "матрица"
DEBUG:Matrix:Запуск преобразования матрицы в строку
DEBUG:Matrix:Операция преобразования в строку выполнена
DEBUG:Matrix:Запуск перемножения двух матриц
DEBUG:Matrix:Операция умножения выполнена
INFO:Matrix:Создан объект "матрица"
DEBUG:Matrix:Запуск преобразования матрицы в строку
DEBUG:Matrix:Операция преобразования в строку выполнена
DEBUG:Matrix:Запуск перемножения двух матриц
DEBUG:Matrix:Операция умножения выполнена
INFO:Matrix:Создан объект "матрица"
DEBUG:Matrix:Запуск преобразования матрицы в строку
DEBUG:Matrix:Операция преобразования в строку выполнена
